[debug] [2020-04-14T03:23:21.386Z] ----------------------------------------------------------------------
[debug] [2020-04-14T03:23:21.390Z] Command:       /Users/itoutakahito/.nodebrew/node/v12.11.1/bin/node /Users/itoutakahito/.nodebrew/current/bin/firebase init
[debug] [2020-04-14T03:23:21.391Z] CLI Version:   8.0.3
[debug] [2020-04-14T03:23:21.391Z] Platform:      darwin
[debug] [2020-04-14T03:23:21.391Z] Node Version:  v12.11.1
[debug] [2020-04-14T03:23:21.398Z] Time:          Tue Apr 14 2020 12:23:21 GMT+0900 (GMT+09:00)
[debug] [2020-04-14T03:23:21.399Z] ----------------------------------------------------------------------
[debug] [2020-04-14T03:23:21.399Z] 
[debug] [2020-04-14T03:23:21.409Z] > command requires scopes: ["email","openid","https://www.googleapis.com/auth/cloudplatformprojects.readonly","https://www.googleapis.com/auth/firebase","https://www.googleapis.com/auth/cloud-platform"]
[debug] [2020-04-14T03:23:21.410Z] > authorizing via signed-in user
[info] 
     ######## #### ########  ######## ########     ###     ######  ########
     ##        ##  ##     ## ##       ##     ##  ##   ##  ##       ##
     ######    ##  ########  ######   ########  #########  ######  ######
     ##        ##  ##    ##  ##       ##     ## ##     ##       ## ##
     ##       #### ##     ## ######## ########  ##     ##  ######  ########

You're about to initialize a Firebase project in this directory:

  /Users/itoutakahito/Desktop/GitHub/appProjects/Web_vue

[info] 
=== Project Setup
[info] 
[info] First, let's associate this project directory with a Firebase project.
[info] You can create multiple project aliases by running firebase use --add, 
[info] but for now we'll just set up a default project.
[info] 
[info] i  If you want to create a project in a Google Cloud organization or folder, please use "firebase projects:create" instead, and return to this command when you've created the project.
[debug] [2020-04-14T03:27:27.501Z] > refreshing access token with scopes: ["email","https://www.googleapis.com/auth/cloud-platform","https://www.googleapis.com/auth/cloudplatformprojects.readonly","https://www.googleapis.com/auth/firebase","openid"]
[debug] [2020-04-14T03:27:27.502Z] >>> HTTP REQUEST POST https://www.googleapis.com/oauth2/v3/token  
 <request body omitted>
[debug] [2020-04-14T03:27:27.761Z] <<< HTTP RESPONSE 200 {"content-type":"application/json; charset=utf-8","vary":"X-Origin, Referer, Origin,Accept-Encoding","date":"Tue, 14 Apr 2020 03:27:27 GMT","server":"scaffolding on HTTPServer2","cache-control":"private","x-xss-protection":"0","x-frame-options":"SAMEORIGIN","x-content-type-options":"nosniff","alt-svc":"quic=\":443\"; ma=2592000; v=\"46,43\",h3-Q050=\":443\"; ma=2592000,h3-Q049=\":443\"; ma=2592000,h3-Q048=\":443\"; ma=2592000,h3-Q046=\":443\"; ma=2592000,h3-Q043=\":443\"; ma=2592000,h3-T050=\":443\"; ma=2592000","accept-ranges":"none","transfer-encoding":"chunked"}
[debug] [2020-04-14T03:27:27.775Z] >>> HTTP REQUEST POST https://cloudresourcemanager.googleapis.com/v1/projects  
 {"projectId":"vue_app","name":"vue_app"}
[debug] [2020-04-14T03:27:28.749Z] <<< HTTP RESPONSE 400 {"vary":"X-Origin, Referer, Origin,Accept-Encoding","content-type":"application/json; charset=UTF-8","date":"Tue, 14 Apr 2020 03:27:28 GMT","server":"ESF","cache-control":"private","x-xss-protection":"0","x-frame-options":"SAMEORIGIN","x-content-type-options":"nosniff","server-timing":"gfet4t7; dur=669","alt-svc":"quic=\":443\"; ma=2592000; v=\"46,43\",h3-Q050=\":443\"; ma=2592000,h3-Q049=\":443\"; ma=2592000,h3-Q048=\":443\"; ma=2592000,h3-Q046=\":443\"; ma=2592000,h3-Q043=\":443\"; ma=2592000,h3-T050=\":443\"; ma=2592000","accept-ranges":"none","transfer-encoding":"chunked"}
[debug] [2020-04-14T03:27:28.750Z] <<< HTTP RESPONSE BODY {"error":{"code":400,"message":"Request contains an invalid argument.","status":"INVALID_ARGUMENT","details":[{"@type":"type.googleapis.com/google.rpc.BadRequest","fieldViolations":[{"field":"project_id","description":"project_id contains invalid characters"},{"field":"display_name","description":"project display name contains invalid characters"}]},{"@type":"type.googleapis.com/google.rpc.Help","links":[{"url":"https://cloud.google.com/resource-manager/reference/rest/v1/projects"}]}]}}
[debug] [2020-04-14T03:27:28.753Z] HTTP Error: 400, Request contains an invalid argument.
[debug] [2020-04-14T03:27:28.906Z] FirebaseError: HTTP Error: 400, Request contains an invalid argument.
    at module.exports (/Users/itoutakahito/.nodebrew/node/v12.11.1/lib/node_modules/firebase-tools/lib/responseToError.js:38:12)
    at Request._callback (/Users/itoutakahito/.nodebrew/node/v12.11.1/lib/node_modules/firebase-tools/lib/api.js:41:35)
    at Request.self.callback (/Users/itoutakahito/.nodebrew/node/v12.11.1/lib/node_modules/firebase-tools/node_modules/request/request.js:185:22)
    at Request.emit (events.js:210:5)
    at Request.EventEmitter.emit (domain.js:476:20)
    at Request.<anonymous> (/Users/itoutakahito/.nodebrew/node/v12.11.1/lib/node_modules/firebase-tools/node_modules/request/request.js:1154:10)
    at Request.emit (events.js:210:5)
    at Request.EventEmitter.emit (domain.js:476:20)
    at IncomingMessage.<anonymous> (/Users/itoutakahito/.nodebrew/node/v12.11.1/lib/node_modules/firebase-tools/node_modules/request/request.js:1076:12)
    at Object.onceWrapper (events.js:299:28)
    at IncomingMessage.emit (events.js:215:7)
    at IncomingMessage.EventEmitter.emit (domain.js:476:20)
    at endReadableNT (_stream_readable.js:1183:12)
    at processTicksAndRejections (internal/process/task_queues.js:80:21)
[error] 
[error] Error: Failed to create Google Cloud project. See firebase-debug.log for more info.
[debug] [2020-04-14T03:27:45.575Z] ----------------------------------------------------------------------
[debug] [2020-04-14T03:27:45.578Z] Command:       /Users/itoutakahito/.nodebrew/node/v12.11.1/bin/node /Users/itoutakahito/.nodebrew/current/bin/firebase init
[debug] [2020-04-14T03:27:45.578Z] CLI Version:   8.0.3
[debug] [2020-04-14T03:27:45.578Z] Platform:      darwin
[debug] [2020-04-14T03:27:45.578Z] Node Version:  v12.11.1
[debug] [2020-04-14T03:27:45.579Z] Time:          Tue Apr 14 2020 12:27:45 GMT+0900 (GMT+09:00)
[debug] [2020-04-14T03:27:45.580Z] ----------------------------------------------------------------------
[debug] [2020-04-14T03:27:45.580Z] 
[debug] [2020-04-14T03:27:45.589Z] > command requires scopes: ["email","openid","https://www.googleapis.com/auth/cloudplatformprojects.readonly","https://www.googleapis.com/auth/firebase","https://www.googleapis.com/auth/cloud-platform"]
[debug] [2020-04-14T03:27:45.590Z] > authorizing via signed-in user
[info] 
     ######## #### ########  ######## ########     ###     ######  ########
     ##        ##  ##     ## ##       ##     ##  ##   ##  ##       ##
     ######    ##  ########  ######   ########  #########  ######  ######
     ##        ##  ##    ##  ##       ##     ## ##     ##       ## ##
     ##       #### ##     ## ######## ########  ##     ##  ######  ########

You're about to initialize a Firebase project in this directory:

  /Users/itoutakahito/Desktop/GitHub/appProjects/Web_vue

[info] 
=== Project Setup
[info] 
[info] First, let's associate this project directory with a Firebase project.
[info] You can create multiple project aliases by running firebase use --add, 
[info] but for now we'll just set up a default project.
[info] 
[info] i  If you want to create a project in a Google Cloud organization or folder, please use "firebase projects:create" instead, and return to this command when you've created the project.
[debug] [2020-04-14T03:28:52.081Z] >>> HTTP REQUEST POST https://cloudresourcemanager.googleapis.com/v1/projects  
 {"projectId":"takahitoWebVue","name":"vueApp"}
[debug] [2020-04-14T03:28:52.925Z] <<< HTTP RESPONSE 400 {"vary":"X-Origin, Referer, Origin,Accept-Encoding","content-type":"application/json; charset=UTF-8","date":"Tue, 14 Apr 2020 03:28:52 GMT","server":"ESF","cache-control":"private","x-xss-protection":"0","x-frame-options":"SAMEORIGIN","x-content-type-options":"nosniff","server-timing":"gfet4t7; dur=653","alt-svc":"quic=\":443\"; ma=2592000; v=\"46,43\",h3-Q050=\":443\"; ma=2592000,h3-Q049=\":443\"; ma=2592000,h3-Q048=\":443\"; ma=2592000,h3-Q046=\":443\"; ma=2592000,h3-Q043=\":443\"; ma=2592000,h3-T050=\":443\"; ma=2592000","accept-ranges":"none","transfer-encoding":"chunked"}
[debug] [2020-04-14T03:28:52.925Z] <<< HTTP RESPONSE BODY {"error":{"code":400,"message":"field [project_id] has issue [project_id contains invalid characters]","status":"INVALID_ARGUMENT","details":[{"@type":"type.googleapis.com/google.rpc.BadRequest","fieldViolations":[{"field":"project_id","description":"project_id contains invalid characters"}]},{"@type":"type.googleapis.com/google.rpc.Help","links":[{"url":"https://cloud.google.com/resource-manager/reference/rest/v1/projects"}]}]}}
[debug] [2020-04-14T03:28:52.927Z] HTTP Error: 400, field [project_id] has issue [project_id contains invalid characters]
[debug] [2020-04-14T03:28:53.095Z] FirebaseError: HTTP Error: 400, field [project_id] has issue [project_id contains invalid characters]
    at module.exports (/Users/itoutakahito/.nodebrew/node/v12.11.1/lib/node_modules/firebase-tools/lib/responseToError.js:38:12)
    at Request._callback (/Users/itoutakahito/.nodebrew/node/v12.11.1/lib/node_modules/firebase-tools/lib/api.js:41:35)
    at Request.self.callback (/Users/itoutakahito/.nodebrew/node/v12.11.1/lib/node_modules/firebase-tools/node_modules/request/request.js:185:22)
    at Request.emit (events.js:210:5)
    at Request.EventEmitter.emit (domain.js:476:20)
    at Request.<anonymous> (/Users/itoutakahito/.nodebrew/node/v12.11.1/lib/node_modules/firebase-tools/node_modules/request/request.js:1154:10)
    at Request.emit (events.js:210:5)
    at Request.EventEmitter.emit (domain.js:476:20)
    at IncomingMessage.<anonymous> (/Users/itoutakahito/.nodebrew/node/v12.11.1/lib/node_modules/firebase-tools/node_modules/request/request.js:1076:12)
    at Object.onceWrapper (events.js:299:28)
    at IncomingMessage.emit (events.js:215:7)
    at IncomingMessage.EventEmitter.emit (domain.js:476:20)
    at endReadableNT (_stream_readable.js:1183:12)
    at processTicksAndRejections (internal/process/task_queues.js:80:21)
[error] 
[error] Error: Failed to create Google Cloud project. See firebase-debug.log for more info.
